2022-06-22 15:14:25.762  INFO 1952 --- [main] c.e.library.LibraryApiApplication        : Starting LibraryApiApplication using Java 11.0.9 on DESKTOP-JCR4H36 with PID 1952 (D:\Desenvolvimento\library-api (tdd)\target\classes started by Ewerton in d:\Desenvolvimento\library-api (tdd))
2022-06-22 15:14:25.765  INFO 1952 --- [main] c.e.library.LibraryApiApplication        : No active profile set, falling back to 1 default profile: "default"
2022-06-22 15:14:26.961  INFO 1952 --- [main] .s.d.r.c.RepositoryConfigurationDelegate : Bootstrapping Spring Data JPA repositories in DEFAULT mode.
2022-06-22 15:14:27.055  INFO 1952 --- [main] .s.d.r.c.RepositoryConfigurationDelegate : Finished Spring Data repository scanning in 76 ms. Found 2 JPA repository interfaces.
2022-06-22 15:14:27.701  INFO 1952 --- [main] o.s.b.w.embedded.tomcat.TomcatWebServer  : Tomcat initialized with port(s): 8080 (http)
2022-06-22 15:14:27.717  INFO 1952 --- [main] o.apache.catalina.core.StandardService   : Starting service [Tomcat]
2022-06-22 15:14:27.718  INFO 1952 --- [main] org.apache.catalina.core.StandardEngine  : Starting Servlet engine: [Apache Tomcat/9.0.63]
2022-06-22 15:14:27.884  INFO 1952 --- [main] o.a.c.c.C.[Tomcat].[localhost].[/]       : Initializing Spring embedded WebApplicationContext
2022-06-22 15:14:27.884  INFO 1952 --- [main] w.s.c.ServletWebServerApplicationContext : Root WebApplicationContext: initialization completed in 2069 ms
2022-06-22 15:14:28.138  INFO 1952 --- [main] com.zaxxer.hikari.HikariDataSource       : HikariPool-1 - Starting...
2022-06-22 15:14:28.350  INFO 1952 --- [main] com.zaxxer.hikari.HikariDataSource       : HikariPool-1 - Start completed.
2022-06-22 15:14:28.408  INFO 1952 --- [main] o.hibernate.jpa.internal.util.LogHelper  : HHH000204: Processing PersistenceUnitInfo [name: default]
2022-06-22 15:14:28.466  INFO 1952 --- [main] org.hibernate.Version                    : HHH000412: Hibernate ORM core version 5.6.9.Final
2022-06-22 15:14:28.642  INFO 1952 --- [main] o.hibernate.annotations.common.Version   : HCANN000001: Hibernate Commons Annotations {5.1.2.Final}
2022-06-22 15:14:28.778  INFO 1952 --- [main] org.hibernate.dialect.Dialect            : HHH000400: Using dialect: org.hibernate.dialect.H2Dialect
2022-06-22 15:14:29.500  INFO 1952 --- [main] o.h.e.t.j.p.i.JtaPlatformInitiator       : HHH000490: Using JtaPlatform implementation: [org.hibernate.engine.transaction.jta.platform.internal.NoJtaPlatform]
2022-06-22 15:14:29.511  INFO 1952 --- [main] j.LocalContainerEntityManagerFactoryBean : Initialized JPA EntityManagerFactory for persistence unit 'default'
2022-06-22 15:14:30.210  WARN 1952 --- [main] JpaBaseConfiguration$JpaWebConfiguration : spring.jpa.open-in-view is enabled by default. Therefore, database queries may be performed during view rendering. Explicitly configure spring.jpa.open-in-view to disable this warning
2022-06-22 15:14:31.414  INFO 1952 --- [main] o.s.b.a.e.web.EndpointLinksResolver      : Exposing 14 endpoint(s) beneath base path '/actuator'
2022-06-22 15:14:31.490  INFO 1952 --- [main] o.s.b.w.embedded.tomcat.TomcatWebServer  : Tomcat started on port(s): 8080 (http) with context path ''
2022-06-22 15:14:31.514  INFO 1952 --- [main] c.e.library.LibraryApiApplication        : Started LibraryApiApplication in 6.129 seconds (JVM running for 6.886)
2022-06-22 15:14:36.453  INFO 1952 --- [http-nio-8080-exec-1] o.a.c.c.C.[Tomcat].[localhost].[/]       : Initializing Spring DispatcherServlet 'dispatcherServlet'
2022-06-22 15:14:36.454  INFO 1952 --- [http-nio-8080-exec-1] o.s.web.servlet.DispatcherServlet        : Initializing Servlet 'dispatcherServlet'
2022-06-22 15:14:36.457  INFO 1952 --- [http-nio-8080-exec-1] o.s.web.servlet.DispatcherServlet        : Completed initialization in 2 ms
2022-06-22 15:22:07.886  INFO 8428 --- [main] c.e.library.LibraryApiApplication        : Starting LibraryApiApplication using Java 11.0.9 on DESKTOP-JCR4H36 with PID 8428 (D:\Desenvolvimento\library-api (tdd)\target\classes started by Ewerton in d:\Desenvolvimento\library-api (tdd))
2022-06-22 15:22:07.890  INFO 8428 --- [main] c.e.library.LibraryApiApplication        : No active profile set, falling back to 1 default profile: "default"
2022-06-22 15:22:09.117  INFO 8428 --- [main] .s.d.r.c.RepositoryConfigurationDelegate : Bootstrapping Spring Data JPA repositories in DEFAULT mode.
2022-06-22 15:22:09.188  INFO 8428 --- [main] .s.d.r.c.RepositoryConfigurationDelegate : Finished Spring Data repository scanning in 60 ms. Found 2 JPA repository interfaces.
2022-06-22 15:22:09.800  INFO 8428 --- [main] o.s.b.w.embedded.tomcat.TomcatWebServer  : Tomcat initialized with port(s): 8080 (http)
2022-06-22 15:22:09.814  INFO 8428 --- [main] o.apache.catalina.core.StandardService   : Starting service [Tomcat]
2022-06-22 15:22:09.814  INFO 8428 --- [main] org.apache.catalina.core.StandardEngine  : Starting Servlet engine: [Apache Tomcat/9.0.63]
2022-06-22 15:22:09.972  INFO 8428 --- [main] o.a.c.c.C.[Tomcat].[localhost].[/]       : Initializing Spring embedded WebApplicationContext
2022-06-22 15:22:09.973  INFO 8428 --- [main] w.s.c.ServletWebServerApplicationContext : Root WebApplicationContext: initialization completed in 2031 ms
2022-06-22 15:22:10.224  INFO 8428 --- [main] com.zaxxer.hikari.HikariDataSource       : HikariPool-1 - Starting...
2022-06-22 15:22:10.404  INFO 8428 --- [main] com.zaxxer.hikari.HikariDataSource       : HikariPool-1 - Start completed.
2022-06-22 15:22:10.460  INFO 8428 --- [main] o.hibernate.jpa.internal.util.LogHelper  : HHH000204: Processing PersistenceUnitInfo [name: default]
2022-06-22 15:22:10.515  INFO 8428 --- [main] org.hibernate.Version                    : HHH000412: Hibernate ORM core version 5.6.9.Final
2022-06-22 15:22:10.723  INFO 8428 --- [main] o.hibernate.annotations.common.Version   : HCANN000001: Hibernate Commons Annotations {5.1.2.Final}
2022-06-22 15:22:10.869  INFO 8428 --- [main] org.hibernate.dialect.Dialect            : HHH000400: Using dialect: org.hibernate.dialect.H2Dialect
2022-06-22 15:22:11.570  INFO 8428 --- [main] o.h.e.t.j.p.i.JtaPlatformInitiator       : HHH000490: Using JtaPlatform implementation: [org.hibernate.engine.transaction.jta.platform.internal.NoJtaPlatform]
2022-06-22 15:22:11.579  INFO 8428 --- [main] j.LocalContainerEntityManagerFactoryBean : Initialized JPA EntityManagerFactory for persistence unit 'default'
2022-06-22 15:22:12.274  WARN 8428 --- [main] JpaBaseConfiguration$JpaWebConfiguration : spring.jpa.open-in-view is enabled by default. Therefore, database queries may be performed during view rendering. Explicitly configure spring.jpa.open-in-view to disable this warning
2022-06-22 15:22:13.625  INFO 8428 --- [main] o.s.b.a.e.web.EndpointLinksResolver      : Exposing 14 endpoint(s) beneath base path '/actuator'
2022-06-22 15:22:13.723  INFO 8428 --- [main] o.s.b.w.embedded.tomcat.TomcatWebServer  : Tomcat started on port(s): 8080 (http) with context path ''
2022-06-22 15:22:13.745  INFO 8428 --- [main] c.e.library.LibraryApiApplication        : Started LibraryApiApplication in 6.244 seconds (JVM running for 7.014)
2022-06-22 15:22:52.899  INFO 8428 --- [http-nio-8080-exec-1] o.a.c.c.C.[Tomcat].[localhost].[/]       : Initializing Spring DispatcherServlet 'dispatcherServlet'
2022-06-22 15:22:52.901  INFO 8428 --- [http-nio-8080-exec-1] o.s.web.servlet.DispatcherServlet        : Initializing Servlet 'dispatcherServlet'
2022-06-22 15:22:52.903  INFO 8428 --- [http-nio-8080-exec-1] o.s.web.servlet.DispatcherServlet        : Completed initialization in 1 ms
2022-06-22 15:22:53.688  INFO 8428 --- [http-nio-8080-exec-3] o.springdoc.api.AbstractOpenApiResource  : Init duration for springdoc-openapi is: 481 ms
2022-06-22 15:24:00.258  INFO 8428 --- [http-nio-8080-exec-6] c.e.library.controllers.BookController   : creating a book for isbn: 123456
2022-06-22 15:24:13.778  INFO 8428 --- [http-nio-8080-exec-7] c.e.library.controllers.BookController   : creating a book for isbn: 123456
2022-06-22 15:26:34.652  INFO 8428 --- [http-nio-8080-exec-1] c.e.library.controllers.BookController   : obtaining details for book id: 1
